# JRE version: OpenJDK Runtime Environment Temurin-21.0.1+12 (21.0.1+12) (build 21.0.1+12-LTS)
# Java VM: OpenJDK 64-Bit Server VM Temurin-21.0.1+12 (21.0.1+12-LTS, mixed mode, sharing, tiered, compressed oops, compressed class ptrs, g1 gc, windows-amd64)
GC Precious Log:
 CardTable entry size: 512
 Card Set container configuration: InlinePtr #cards 5 size 8 Array Of Cards #cards 12 size 40 Howl #buckets 4 coarsen threshold 1843 Howl Bitmap #cards 512 size 80 coarsen threshold 460 Card regions per heap region 1 cards per card region 2048
 CPUs: 12 total, 12 available
 Memory: 7580M
 Large Page Support: Disabled
 NUMA Support: Disabled
 Compressed Oops: Enabled (32-bit)
 Heap Region Size: 1M
 Heap Min Capacity: 8M
 Heap Initial Capacity: 120M
 Heap Max Capacity: 1896M
 Pre-touch: Disabled
 Parallel Workers: 10
 Concurrent Workers: 3
 Concurrent Refinement Workers: 10
 Periodic GC: Disabled
Heap:
 garbage-first heap   total 51200K, used 33325K [0x0000000089800000, 0x0000000100000000)
  region size 1024K, 8 young (8192K), 1 survivors (1024K)
 Metaspace       used 59862K, committed 60480K, reserved 1114112K
  class space    used 8097K, committed 8384K, reserved 1048576K
GC Heap History (20 events):
Event: 7.617 GC heap before
{Heap before GC invocations=2 (full 0):
 garbage-first heap   total 122880K, used 54313K [0x0000000089800000, 0x0000000100000000)
  region size 1024K, 48 young (49152K), 3 survivors (3072K)
 Metaspace       used 21239K, committed 21504K, reserved 1114112K
  class space    used 2568K, committed 2688K, reserved 1048576K
}
Event: 7.631 GC heap after
{Heap after GC invocations=3 (full 0):
 garbage-first heap   total 122880K, used 13922K [0x0000000089800000, 0x0000000100000000)
  region size 1024K, 6 young (6144K), 6 survivors (6144K)
 Metaspace       used 21239K, committed 21504K, reserved 1114112K
  class space    used 2568K, committed 2688K, reserved 1048576K
}
Event: 9.388 GC heap before
{Heap before GC invocations=4 (full 0):
 garbage-first heap   total 51200K, used 38498K [0x0000000089800000, 0x0000000100000000)
  region size 1024K, 30 young (30720K), 6 survivors (6144K)
 Metaspace       used 25427K, committed 25920K, reserved 1114112K
  class space    used 3226K, committed 3456K, reserved 1048576K
}
Event: 9.416 GC heap after
{Heap after GC invocations=5 (full 0):
 garbage-first heap   total 51200K, used 16879K [0x0000000089800000, 0x0000000100000000)
  region size 1024K, 3 young (3072K), 3 survivors (3072K)
 Metaspace       used 25427K, committed 25920K, reserved 1114112K
  class space    used 3226K, committed 3456K, reserved 1048576K
}
Event: 11.239 GC heap before
{Heap before GC invocations=5 (full 0):
 garbage-first heap   total 51200K, used 38383K [0x0000000089800000, 0x0000000100000000)
  region size 1024K, 25 young (25600K), 3 survivors (3072K)
 Metaspace       used 30437K, committed 31040K, reserved 1114112K
  class space    used 3825K, committed 4096K, reserved 1048576K
}
Event: 11.246 GC heap after
{Heap after GC invocations=6 (full 0):
 garbage-first heap   total 51200K, used 18626K [0x0000000089800000, 0x0000000100000000)
  region size 1024K, 2 young (2048K), 2 survivors (2048K)
 Metaspace       used 30437K, committed 31040K, reserved 1114112K
  class space    used 3825K, committed 4096K, reserved 1048576K
}
Event: 12.521 GC heap before
{Heap before GC invocations=6 (full 0):
 garbage-first heap   total 51200K, used 36034K [0x0000000089800000, 0x0000000100000000)
  region size 1024K, 20 young (20480K), 2 survivors (2048K)
 Metaspace       used 35417K, committed 35968K, reserved 1114112K
  class space    used 4620K, committed 4864K, reserved 1048576K
}
Event: 12.526 GC heap after
{Heap after GC invocations=7 (full 0):
 garbage-first heap   total 51200K, used 19622K [0x0000000089800000, 0x0000000100000000)
  region size 1024K, 3 young (3072K), 3 survivors (3072K)
 Metaspace       used 35417K, committed 35968K, reserved 1114112K
  class space    used 4620K, committed 4864K, reserved 1048576K
}
Event: 14.673 GC heap before
{Heap before GC invocations=8 (full 0):
 garbage-first heap   total 51200K, used 41126K [0x0000000089800000, 0x0000000100000000)
  region size 1024K, 25 young (25600K), 3 survivors (3072K)
 Metaspace       used 41774K, committed 42240K, reserved 1114112K
  class space    used 5434K, committed 5632K, reserved 1048576K
}
Event: 14.679 GC heap after
{Heap after GC invocations=9 (full 0):
 garbage-first heap   total 51200K, used 21092K [0x0000000089800000, 0x0000000100000000)
  region size 1024K, 3 young (3072K), 3 survivors (3072K)
 Metaspace       used 41774K, committed 42240K, reserved 1114112K
  class space    used 5434K, committed 5632K, reserved 1048576K
}
Event: 16.651 GC heap before
{Heap before GC invocations=9 (full 0):
 garbage-first heap   total 51200K, used 42596K [0x0000000089800000, 0x0000000100000000)
  region size 1024K, 25 young (25600K), 3 survivors (3072K)
 Metaspace       used 49018K, committed 49600K, reserved 1114112K
  class space    used 6536K, committed 6784K, reserved 1048576K
}
Event: 16.659 GC heap after
{Heap after GC invocations=10 (full 0):
 garbage-first heap   total 51200K, used 21847K [0x0000000089800000, 0x0000000100000000)
  region size 1024K, 3 young (3072K), 3 survivors (3072K)
 Metaspace       used 49018K, committed 49600K, reserved 1114112K
  class space    used 6536K, committed 6784K, reserved 1048576K
}
Event: 18.779 GC heap before
{Heap before GC invocations=10 (full 0):
 garbage-first heap   total 51200K, used 43351K [0x0000000089800000, 0x0000000100000000)
  region size 1024K, 24 young (24576K), 3 survivors (3072K)
 Metaspace       used 54080K, committed 54720K, reserved 1114112K
  class space    used 7324K, committed 7616K, reserved 1048576K
}
Event: 18.785 GC heap after
{Heap after GC invocations=11 (full 0):
 garbage-first heap   total 51200K, used 23095K [0x0000000089800000, 0x0000000100000000)
  region size 1024K, 3 young (3072K), 3 survivors (3072K)
 Metaspace       used 54080K, committed 54720K, reserved 1114112K
  class space    used 7324K, committed 7616K, reserved 1048576K
}
Event: 19.630 GC heap before
{Heap before GC invocations=11 (full 0):
 garbage-first heap   total 51200K, used 43575K [0x0000000089800000, 0x0000000100000000)
  region size 1024K, 23 young (23552K), 3 survivors (3072K)
 Metaspace       used 56700K, committed 57344K, reserved 1114112K
  class space    used 7633K, committed 7936K, reserved 1048576K
}
Event: 19.636 GC heap after
{Heap after GC invocations=12 (full 0):
 garbage-first heap   total 51200K, used 24509K [0x0000000089800000, 0x0000000100000000)
  region size 1024K, 3 young (3072K), 3 survivors (3072K)
 Metaspace       used 56700K, committed 57344K, reserved 1114112K
  class space    used 7633K, committed 7936K, reserved 1048576K
}
Event: 20.605 GC heap before
{Heap before GC invocations=12 (full 0):
 garbage-first heap   total 51200K, used 43965K [0x0000000089800000, 0x0000000100000000)
  region size 1024K, 22 young (22528K), 3 survivors (3072K)
 Metaspace       used 58771K, committed 59456K, reserved 1114112K
  class space    used 7920K, committed 8192K, reserved 1048576K
}
Event: 20.612 GC heap after
{Heap after GC invocations=13 (full 0):
 garbage-first heap   total 51200K, used 26349K [0x0000000089800000, 0x0000000100000000)
  region size 1024K, 3 young (3072K), 3 survivors (3072K)
 Metaspace       used 58771K, committed 59456K, reserved 1114112K
  class space    used 7920K, committed 8192K, reserved 1048576K
}
Event: 20.833 GC heap before
{Heap before GC invocations=13 (full 0):
 garbage-first heap   total 51200K, used 30445K [0x0000000089800000, 0x0000000100000000)
  region size 1024K, 8 young (8192K), 3 survivors (3072K)
 Metaspace       used 59409K, committed 60096K, reserved 1114112K
  class space    used 8003K, committed 8320K, reserved 1048576K
}
Event: 20.838 GC heap after
{Heap after GC invocations=14 (full 0):
 garbage-first heap   total 51200K, used 27181K [0x0000000089800000, 0x0000000100000000)
  region size 1024K, 1 young (1024K), 1 survivors (1024K)
 Metaspace       used 59409K, committed 60096K, reserved 1114112K
  class space    used 8003K, committed 8320K, reserved 1048576K
}

